<?xml version="1.0" encoding="UTF-8"?>
<!-- Generated by org.testng.reporters.JUnitXMLReporter -->
<testsuite ignored="0" hostname="Batman" failures="0" tests="4" name="Default test" time="48.395" errors="0" timestamp="2024-06-21T00:23:02 IST">
  <testcase classname="E_commerce.E_commerce.TestValidations" name="FirstOrder" time="7.98"/>
  <testcase classname="E_commerce.E_commerce.TestValidations" name="FirstOrder" time="4.813"/>
  <testcase classname="E_commerce.E_commerce.TestValidations" name="loginPage" time="1.135"/>
  <testcase classname="E_commerce.E_commerce.TestValidations" name="loginPage" time="1.161"/>
</testsuite> <!-- Default test -->
