<?xml version="1.0" encoding="UTF-8"?>
<!-- Generated by org.testng.reporters.JUnitXMLReporter -->
<testsuite ignored="1" hostname="Batman" failures="1" tests="2" name="PurchaseOrder" time="19.885" errors="0" timestamp="2024-03-24T10:59:51 IST">
  <testcase classname="E_commerce.E_commerce.TestValidations" name="FirstOrder" time="5.34"/>
  <testcase classname="E_commerce.E_commerce.TestValidations" name="FirstOrder" time="1.465">
    <failure type="java.lang.NullPointerException" message="Cannot invoke &amp;quot;org.openqa.selenium.WebElement.findElement(org.openqa.selenium.By)&amp;quot; because &amp;quot;pro&amp;quot; is null">
      <![CDATA[java.lang.NullPointerException: Cannot invoke "org.openqa.selenium.WebElement.findElement(org.openqa.selenium.By)" because "pro" is null
at Ecommerce.pageObjects.Products_Catalogue.AddtoCart(Products_Catalogue.java:43)
at E_commerce.E_commerce.TestValidations.FirstOrder(TestValidations.java:28)
at java.base/java.util.ArrayList.forEach(ArrayList.java:1511)
... Removed 27 stack frames]]>
    </failure>
  </testcase> <!-- FirstOrder -->
  <testcase classname="E_commerce.E_commerce.TestValidations" name="loginPage" time="0.0">
    <ignored/>
  </testcase> <!-- loginPage -->
</testsuite> <!-- PurchaseOrder -->
