<?xml version="1.0" encoding="UTF-8"?>
<!-- Generated by org.testng.reporters.JUnitXMLReporter -->
<testsuite ignored="0" hostname="Batman" failures="0" tests="6" name="Command line test" time="59.308" errors="0" timestamp="2024-03-24T14:09:59 IST">
  <testcase classname="E_commerce.E_commerce.TestNegativeScenarios" name="NegativeTesting" time="1.313"/>
  <testcase classname="E_commerce.E_commerce.TestNegativeScenarios" name="NegativeTesting" time="1.248"/>
  <testcase classname="E_commerce.E_commerce.TestValidations" name="FirstOrder" time="4.585"/>
  <testcase classname="E_commerce.E_commerce.TestValidations" name="FirstOrder" time="4.702"/>
  <testcase classname="E_commerce.E_commerce.TestValidations" name="loginPage" time="1.138"/>
  <testcase classname="E_commerce.E_commerce.TestValidations" name="loginPage" time="1.226"/>
</testsuite> <!-- Command line test -->
