<?xml version="1.0" encoding="UTF-8"?>
<!-- Generated by org.testng.reporters.JUnitXMLReporter -->
<testsuite ignored="1" hostname="Batman" failures="0" tests="2" name="NegativeValidation" time="14.125" errors="0" timestamp="2024-06-22T09:38:43 IST">
  <testcase classname="E_commerce.E_commerce.TestValidations" name="loginPage" time="1.328"/>
  <testcase classname="E_commerce.E_commerce.TestValidations" name="loginPage" time="3.679"/>
  <testcase classname="E_commerce.E_commerce.TestValidations" name="FirstOrder" time="0.0">
    <ignored/>
  </testcase> <!-- FirstOrder -->
</testsuite> <!-- NegativeValidation -->
