<?xml version="1.0" encoding="UTF-8"?>
<!-- Generated by org.testng.reporters.JUnitXMLReporter -->
<testsuite ignored="1" hostname="Batman" failures="0" tests="2" name="PurchaseOrder" time="39.398" errors="0" timestamp="2024-06-22T09:38:28 IST">
  <testcase classname="E_commerce.E_commerce.TestValidations" name="FirstOrder" time="5.916"/>
  <testcase classname="E_commerce.E_commerce.TestValidations" name="FirstOrder" time="4.488"/>
  <testcase classname="E_commerce.E_commerce.TestValidations" name="loginPage" time="0.0">
    <ignored/>
  </testcase> <!-- loginPage -->
</testsuite> <!-- PurchaseOrder -->
