<?xml version="1.0" encoding="UTF-8"?>
<!-- Generated by org.testng.reporters.JUnitXMLReporter -->
<testsuite ignored="1" hostname="Batman" failures="0" tests="1" name="PurchaseOrder(failed)" time="13.241" errors="0" timestamp="2024-03-24T11:05:44 IST">
  <testcase classname="E_commerce.E_commerce.TestValidations" name="FirstOrder" time="5.448"/>
  <testcase classname="E_commerce.E_commerce.TestValidations" name="loginPage" time="0.0">
    <ignored/>
  </testcase> <!-- loginPage -->
</testsuite> <!-- PurchaseOrder(failed) -->
