<?xml version="1.0" encoding="UTF-8"?>
<testng-results ignored="0" total="4" passed="4" failed="0" skipped="0">
  <reporter-output>
  </reporter-output>
  <suite started-at="2024-06-22T09:37:48 IST" name="Suite" finished-at="2024-06-22T09:38:43 IST" duration-ms="54246">
    <groups>
      <group name="Purchase">
        <method signature="TestValidations.FirstOrder(java.util.HashMap)[pri:1, instance:E_commerce.E_commerce.TestValidations@25be7b63]" name="FirstOrder" class="E_commerce.E_commerce.TestValidations"/>
      </group> <!-- Purchase -->
      <group name="Regression">
        <method signature="TestValidations.loginPage(java.util.HashMap)[pri:2, instance:E_commerce.E_commerce.TestValidations@28cda624]" name="loginPage" class="E_commerce.E_commerce.TestValidations"/>
      </group> <!-- Regression -->
      <group name="E2E">
        <method signature="TestValidations.FirstOrder(java.util.HashMap)[pri:1, instance:E_commerce.E_commerce.TestValidations@25be7b63]" name="FirstOrder" class="E_commerce.E_commerce.TestValidations"/>
      </group> <!-- E2E -->
      <group name="Invalid">
        <method signature="TestValidations.loginPage(java.util.HashMap)[pri:2, instance:E_commerce.E_commerce.TestValidations@28cda624]" name="loginPage" class="E_commerce.E_commerce.TestValidations"/>
      </group> <!-- Invalid -->
    </groups>
    <test started-at="2024-06-22T09:37:48 IST" name="PurchaseOrder" finished-at="2024-06-22T09:38:28 IST" duration-ms="39398">
      <class name="E_commerce.E_commerce.TestValidations">
        <test-method is-config="true" signature="StartInitialisation()[pri:0, instance:E_commerce.E_commerce.TestValidations@25be7b63]" started-at="2024-06-22T09:37:49 IST" name="StartInitialisation" finished-at="2024-06-22T09:38:12 IST" duration-ms="22758" status="PASS">
          <reporter-output>
          </reporter-output>
        </test-method> <!-- StartInitialisation -->
        <test-method signature="FirstOrder(java.util.HashMap)[pri:1, instance:E_commerce.E_commerce.TestValidations@25be7b63]" started-at="2024-06-22T09:38:12 IST" name="FirstOrder" data-provider="getData" finished-at="2024-06-22T09:38:18 IST" duration-ms="5916" status="PASS">
          <params>
            <param index="0">
              <value>
                <![CDATA[{password=Tushar1234, product=ZARA COAT 3, email=tushar1234@gmail.com}]]>
              </value>
            </param>
          </params>
          <reporter-output>
          </reporter-output>
        </test-method> <!-- FirstOrder -->
        <test-method is-config="true" signature="close()[pri:0, instance:E_commerce.E_commerce.TestValidations@25be7b63]" started-at="2024-06-22T09:38:18 IST" name="close" finished-at="2024-06-22T09:38:18 IST" duration-ms="309" status="PASS">
          <reporter-output>
          </reporter-output>
        </test-method> <!-- close -->
        <test-method is-config="true" signature="StartInitialisation()[pri:0, instance:E_commerce.E_commerce.TestValidations@25be7b63]" started-at="2024-06-22T09:38:18 IST" name="StartInitialisation" finished-at="2024-06-22T09:38:23 IST" duration-ms="5129" status="PASS">
          <reporter-output>
          </reporter-output>
        </test-method> <!-- StartInitialisation -->
        <test-method signature="FirstOrder(java.util.HashMap)[pri:1, instance:E_commerce.E_commerce.TestValidations@25be7b63]" started-at="2024-06-22T09:38:23 IST" name="FirstOrder" data-provider="getData" finished-at="2024-06-22T09:38:28 IST" duration-ms="4488" status="PASS">
          <params>
            <param index="0">
              <value>
                <![CDATA[{password=Sh123456, product=ADIDAS ORIGINAL, email=sh123@gmail.com}]]>
              </value>
            </param>
          </params>
          <reporter-output>
          </reporter-output>
        </test-method> <!-- FirstOrder -->
        <test-method is-config="true" signature="close()[pri:0, instance:E_commerce.E_commerce.TestValidations@25be7b63]" started-at="2024-06-22T09:38:28 IST" name="close" finished-at="2024-06-22T09:38:28 IST" duration-ms="157" status="PASS">
          <reporter-output>
          </reporter-output>
        </test-method> <!-- close -->
      </class> <!-- E_commerce.E_commerce.TestValidations -->
    </test> <!-- PurchaseOrder -->
    <test started-at="2024-06-22T09:38:28 IST" name="NegativeValidation" finished-at="2024-06-22T09:38:43 IST" duration-ms="14125">
      <class name="E_commerce.E_commerce.TestValidations">
        <test-method is-config="true" signature="StartInitialisation()[pri:0, instance:E_commerce.E_commerce.TestValidations@28cda624]" started-at="2024-06-22T09:38:28 IST" name="StartInitialisation" finished-at="2024-06-22T09:38:34 IST" duration-ms="5222" status="PASS">
          <reporter-output>
          </reporter-output>
        </test-method> <!-- StartInitialisation -->
        <test-method signature="loginPage(java.util.HashMap)[pri:2, instance:E_commerce.E_commerce.TestValidations@28cda624]" started-at="2024-06-22T09:38:34 IST" name="loginPage" data-provider="getData2" finished-at="2024-06-22T09:38:35 IST" duration-ms="1328" status="PASS">
          <params>
            <param index="0">
              <value>
                <![CDATA[{password=passwordtuyu, email=tushar1234@gmail.com}]]>
              </value>
            </param>
          </params>
          <reporter-output>
          </reporter-output>
        </test-method> <!-- loginPage -->
        <test-method is-config="true" signature="close()[pri:0, instance:E_commerce.E_commerce.TestValidations@28cda624]" started-at="2024-06-22T09:38:35 IST" name="close" finished-at="2024-06-22T09:38:35 IST" duration-ms="315" status="PASS">
          <reporter-output>
          </reporter-output>
        </test-method> <!-- close -->
        <test-method is-config="true" signature="StartInitialisation()[pri:0, instance:E_commerce.E_commerce.TestValidations@28cda624]" started-at="2024-06-22T09:38:35 IST" name="StartInitialisation" finished-at="2024-06-22T09:38:39 IST" duration-ms="3292" status="PASS">
          <reporter-output>
          </reporter-output>
        </test-method> <!-- StartInitialisation -->
        <test-method signature="loginPage(java.util.HashMap)[pri:2, instance:E_commerce.E_commerce.TestValidations@28cda624]" started-at="2024-06-22T09:38:39 IST" name="loginPage" data-provider="getData2" finished-at="2024-06-22T09:38:42 IST" duration-ms="3679" status="PASS">
          <params>
            <param index="0">
              <value>
                <![CDATA[{password=koyal@123, email=ashi123@gmail.com}]]>
              </value>
            </param>
          </params>
          <reporter-output>
          </reporter-output>
        </test-method> <!-- loginPage -->
        <test-method is-config="true" signature="close()[pri:0, instance:E_commerce.E_commerce.TestValidations@28cda624]" started-at="2024-06-22T09:38:42 IST" name="close" finished-at="2024-06-22T09:38:43 IST" duration-ms="267" status="PASS">
          <reporter-output>
          </reporter-output>
        </test-method> <!-- close -->
      </class> <!-- E_commerce.E_commerce.TestValidations -->
    </test> <!-- NegativeValidation -->
  </suite> <!-- Suite -->
</testng-results>
